<?xml version="1.0" encoding="UTF-8"?>
<!-- Generated by org.testng.reporters.JUnitXMLReporter -->
<testsuite hostname="LAPTOP-28CTFOM5" name="Test" tests="5" failures="0" timestamp="23 Apr 2019 19:33:35 GMT" time="136.478" errors="0">
  <testcase name="Login" time="25.82" classname="SimpleProgrammer.validateTitle"/>
  <testcase name="Product" time="32.933" classname="SimpleProgrammer.validateProduct"/>
  <testcase name="Login" time="21.297" classname="SimpleProgrammer.LoginApplication"/>
  <testcase name="BuyItem" time="11.582" classname="SimpleProgrammer.ProductApplication"/>
  <testcase name="CartItem" time="4.506" classname="SimpleProgrammer.ProductApplication"/>
</testsuite> <!-- Test -->
