<?xml version="1.0" encoding="UTF-8"?>
<!-- Generated by org.testng.reporters.JUnitXMLReporter -->
<testsuite hostname="LAPTOP-28CTFOM5" name="Test" tests="5" failures="0" timestamp="25 Apr 2019 02:44:01 GMT" time="71.318" errors="0">
  <testcase name="Login" time="0.107" classname="SimpleProgrammer.validateTitle"/>
  <testcase name="Product" time="0.095" classname="SimpleProgrammer.validateProduct"/>
  <testcase name="Login" time="2.467" classname="SimpleProgrammer.LoginApplication"/>
  <testcase name="BuyItem" time="16.332" classname="SimpleProgrammer.ProductApplication"/>
  <testcase name="CartItem" time="2.912" classname="SimpleProgrammer.ProductApplication"/>
</testsuite> <!-- Test -->
